<?xml version="1.0" encoding="UTF-8"?>
<!-- Generated by org.testng.reporters.JUnitXMLReporter -->
<testsuite hostname="DESKTOP-BJN8EPF" name="Test in chrome" tests="1" failures="0" timestamp="30 Sep 2024 06:57:48 GMT" time="4.519" errors="0">
  <testcase name="@BeforeClass setUp" time="0.005" classname="Healthcare.com.Healthcare.Core.ParallelTesting">
    <failure type="org.openqa.selenium.SessionNotCreatedException" message="session not created: This version of ChromeDriver only supports Chrome version 127
Current browser version is 129.0.6668.70 with binary path C:\Program Files\Google\Chrome\Application\chrome.exe
Build info: version: &amp;apos;3.141.59&amp;apos;, revision: &amp;apos;e82be7d358&amp;apos;, time: &amp;apos;2018-11-14T08:17:03&amp;apos;
System info: host: &amp;apos;DESKTOP-BJN8EPF&amp;apos;, ip: &amp;apos;192.168.1.31&amp;apos;, os.name: &amp;apos;Windows 10&amp;apos;, os.arch: &amp;apos;amd64&amp;apos;, os.version: &amp;apos;10.0&amp;apos;, java.version: &amp;apos;1.8.0_421&amp;apos;
Driver info: driver.version: ChromeDriver
remote stacktrace: 	GetHandleVerifier [0x00007FF690E49632+30946]
	(No symbol) [0x00007FF690DFE3C9]
	(No symbol) [0x00007FF690CF6FDA]
	(No symbol) [0x00007FF690D37341]
	(No symbol) [0x00007FF690D36598]
	(No symbol) [0x00007FF690D3148D]
	(No symbol) [0x00007FF690D2C4FA]
	(No symbol) [0x00007FF690D778B9]
	(No symbol) [0x00007FF690D76F20]
	(No symbol) [0x00007FF690D6C813]
	(No symbol) [0x00007FF690D3A6E5]
	(No symbol) [0x00007FF690D3B021]
	GetHandleVerifier [0x00007FF690F7F83D+1301229]
	GetHandleVerifier [0x00007FF690F8BDB7+1351783]
	GetHandleVerifier [0x00007FF690F82A03+1313971]
	GetHandleVerifier [0x00007FF690E7DD06+245686]
	(No symbol) [0x00007FF690E0758F]
	(No symbol) [0x00007FF690E03804]
	(No symbol) [0x00007FF690E03992]
	(No symbol) [0x00007FF690DFA3EF]
	BaseThreadInitThunk [0x00007FF813977374+20]
	RtlUserThreadStart [0x00007FF814E9CC91+33]
">
      <![CDATA[org.openqa.selenium.SessionNotCreatedException: session not created: This version of ChromeDriver only supports Chrome version 127
Current browser version is 129.0.6668.70 with binary path C:\Program Files\Google\Chrome\Application\chrome.exe
Build info: version: '3.141.59', revision: 'e82be7d358', time: '2018-11-14T08:17:03'
System info: host: 'DESKTOP-BJN8EPF', ip: '192.168.1.31', os.name: 'Windows 10', os.arch: 'amd64', os.version: '10.0', java.version: '1.8.0_421'
Driver info: driver.version: ChromeDriver
remote stacktrace: 	GetHandleVerifier [0x00007FF690E49632+30946]
	(No symbol) [0x00007FF690DFE3C9]
	(No symbol) [0x00007FF690CF6FDA]
	(No symbol) [0x00007FF690D37341]
	(No symbol) [0x00007FF690D36598]
	(No symbol) [0x00007FF690D3148D]
	(No symbol) [0x00007FF690D2C4FA]
	(No symbol) [0x00007FF690D778B9]
	(No symbol) [0x00007FF690D76F20]
	(No symbol) [0x00007FF690D6C813]
	(No symbol) [0x00007FF690D3A6E5]
	(No symbol) [0x00007FF690D3B021]
	GetHandleVerifier [0x00007FF690F7F83D+1301229]
	GetHandleVerifier [0x00007FF690F8BDB7+1351783]
	GetHandleVerifier [0x00007FF690F82A03+1313971]
	GetHandleVerifier [0x00007FF690E7DD06+245686]
	(No symbol) [0x00007FF690E0758F]
	(No symbol) [0x00007FF690E03804]
	(No symbol) [0x00007FF690E03992]
	(No symbol) [0x00007FF690DFA3EF]
	BaseThreadInitThunk [0x00007FF813977374+20]
	RtlUserThreadStart [0x00007FF814E9CC91+33]

	at org.openqa.selenium.remote.W3CHandshakeResponse.lambda$errorHandler$0(W3CHandshakeResponse.java:62)
	at org.openqa.selenium.remote.HandshakeResponse.lambda$getResponseFunction$0(HandshakeResponse.java:30)
	at org.openqa.selenium.remote.ProtocolHandshake.lambda$createSession$0(ProtocolHandshake.java:126)
	at java.util.stream.ReferencePipeline$3$1.accept(Unknown Source)
	at java.util.Spliterators$ArraySpliterator.tryAdvance(Unknown Source)
	at java.util.stream.ReferencePipeline.forEachWithCancel(Unknown Source)
	at java.util.stream.AbstractPipeline.copyIntoWithCancel(Unknown Source)
	at java.util.stream.AbstractPipeline.copyInto(Unknown Source)
	at java.util.stream.AbstractPipeline.wrapAndCopyInto(Unknown Source)
	at java.util.stream.FindOps$FindOp.evaluateSequential(Unknown Source)
	at java.util.stream.AbstractPipeline.evaluate(Unknown Source)
	at java.util.stream.ReferencePipeline.findFirst(Unknown Source)
	at org.openqa.selenium.remote.ProtocolHandshake.createSession(ProtocolHandshake.java:128)
	at org.openqa.selenium.remote.ProtocolHandshake.createSession(ProtocolHandshake.java:74)
	at org.openqa.selenium.remote.HttpCommandExecutor.execute(HttpCommandExecutor.java:136)
	at org.openqa.selenium.remote.service.DriverCommandExecutor.execute(DriverCommandExecutor.java:83)
	at org.openqa.selenium.remote.RemoteWebDriver.execute(RemoteWebDriver.java:552)
	at org.openqa.selenium.remote.RemoteWebDriver.startSession(RemoteWebDriver.java:213)
	at org.openqa.selenium.remote.RemoteWebDriver.<init>(RemoteWebDriver.java:131)
	at org.openqa.selenium.chrome.ChromeDriver.<init>(ChromeDriver.java:181)
	at org.openqa.selenium.chrome.ChromeDriver.<init>(ChromeDriver.java:168)
	at org.openqa.selenium.chrome.ChromeDriver.<init>(ChromeDriver.java:123)
	at Healthcare.com.Healthcare.Core.ParallelTesting.setUp(ParallelTesting.java:32)
	at java.util.concurrent.FutureTask.run(Unknown Source)
	at java.util.concurrent.ThreadPoolExecutor.runWorker(Unknown Source)
	at java.util.concurrent.ThreadPoolExecutor$Worker.run(Unknown Source)
	at java.lang.Thread.run(Unknown Source)
... Removed 20 stack frames]]>
    </failure>
  </testcase> <!-- @BeforeClass setUp -->
  <testcase name="@AfterClass afterClass" time="0.0" classname="Healthcare.com.Healthcare.Core.ParallelTesting">
    <skipped/>
  </testcase> <!-- @AfterClass afterClass -->
  <testcase name="verify_Title" time="0.003" classname="Healthcare.com.Healthcare.Core.ParallelTesting">
    <skipped/>
  </testcase> <!-- verify_Title -->
</testsuite> <!-- Test in chrome -->
