<?xml version="1.0" encoding="UTF-8"?>
<!-- Generated by org.testng.reporters.JUnitReportReporter -->
<testsuite hostname="DESKTOP-BJN8EPF" name="Healthcare.com.Healthcare.Core.ParallelTesting" tests="2" failures="0" timestamp="30 Sep 2024 06:57:54 GMT" time="0.013" errors="1">
  <testcase name="verify_Title" time="0.003" classname="Healthcare.com.Healthcare.Core.ParallelTesting">
    <error type="org.openqa.selenium.SessionNotCreatedException" message="session not created: This version of ChromeDriver only supports Chrome version 127
Current browser version is 129.0.6668.70 with binary path C:\Program Files\Google\Chrome\Application\chrome.exe
Build info: version: &#039;3.141.59&#039;, revision: &#039;e82be7d358&#039;, time: &#039;2018-11-14T08:17:03&#039;
System info: host: &#039;DESKTOP-BJN8EPF&#039;, ip: &#039;192.168.1.31&#039;, os.name: &#039;Windows 10&#039;, os.arch: &#039;amd64&#039;, os.version: &#039;10.0&#039;, java.version: &#039;1.8.0_421&#039;
Driver info: driver.version: ChromeDriver
remote stacktrace: 	GetHandleVerifier [0x00007FF690E49632+30946]
	(No symbol) [0x00007FF690DFE3C9]
	(No symbol) [0x00007FF690CF6FDA]
	(No symbol) [0x00007FF690D37341]
	(No symbol) [0x00007FF690D36598]
	(No symbol) [0x00007FF690D3148D]
	(No symbol) [0x00007FF690D2C4FA]
	(No symbol) [0x00007FF690D778B9]
	(No symbol) [0x00007FF690D76F20]
	(No symbol) [0x00007FF690D6C813]
	(No symbol) [0x00007FF690D3A6E5]
	(No symbol) [0x00007FF690D3B021]
	GetHandleVerifier [0x00007FF690F7F83D+1301229]
	GetHandleVerifier [0x00007FF690F8BDB7+1351783]
	GetHandleVerifier [0x00007FF690F82A03+1313971]
	GetHandleVerifier [0x00007FF690E7DD06+245686]
	(No symbol) [0x00007FF690E0758F]
	(No symbol) [0x00007FF690E03804]
	(No symbol) [0x00007FF690E03992]
	(No symbol) [0x00007FF690DFA3EF]
	BaseThreadInitThunk [0x00007FF813977374+20]
	RtlUserThreadStart [0x00007FF814E9CC91+33]
">
      <![CDATA[org.openqa.selenium.SessionNotCreatedException: session not created: This version of ChromeDriver only supports Chrome version 127
Current browser version is 129.0.6668.70 with binary path C:\Program Files\Google\Chrome\Application\chrome.exe
Build info: version: '3.141.59', revision: 'e82be7d358', time: '2018-11-14T08:17:03'
System info: host: 'DESKTOP-BJN8EPF', ip: '192.168.1.31', os.name: 'Windows 10', os.arch: 'amd64', os.version: '10.0', java.version: '1.8.0_421'
Driver info: driver.version: ChromeDriver
remote stacktrace: 	GetHandleVerifier [0x00007FF690E49632+30946]
	(No symbol) [0x00007FF690DFE3C9]
	(No symbol) [0x00007FF690CF6FDA]
	(No symbol) [0x00007FF690D37341]
	(No symbol) [0x00007FF690D36598]
	(No symbol) [0x00007FF690D3148D]
	(No symbol) [0x00007FF690D2C4FA]
	(No symbol) [0x00007FF690D778B9]
	(No symbol) [0x00007FF690D76F20]
	(No symbol) [0x00007FF690D6C813]
	(No symbol) [0x00007FF690D3A6E5]
	(No symbol) [0x00007FF690D3B021]
	GetHandleVerifier [0x00007FF690F7F83D+1301229]
	GetHandleVerifier [0x00007FF690F8BDB7+1351783]
	GetHandleVerifier [0x00007FF690F82A03+1313971]
	GetHandleVerifier [0x00007FF690E7DD06+245686]
	(No symbol) [0x00007FF690E0758F]
	(No symbol) [0x00007FF690E03804]
	(No symbol) [0x00007FF690E03992]
	(No symbol) [0x00007FF690DFA3EF]
	BaseThreadInitThunk [0x00007FF813977374+20]
	RtlUserThreadStart [0x00007FF814E9CC91+33]

	at sun.reflect.NativeConstructorAccessorImpl.newInstance0(Native Method)
	at sun.reflect.NativeConstructorAccessorImpl.newInstance(Unknown Source)
	at sun.reflect.DelegatingConstructorAccessorImpl.newInstance(Unknown Source)
	at java.lang.reflect.Constructor.newInstance(Unknown Source)
	at org.openqa.selenium.remote.W3CHandshakeResponse.lambda$errorHandler$0(W3CHandshakeResponse.java:62)
	at org.openqa.selenium.remote.HandshakeResponse.lambda$getResponseFunction$0(HandshakeResponse.java:30)
	at org.openqa.selenium.remote.ProtocolHandshake.lambda$createSession$0(ProtocolHandshake.java:126)
	at java.util.stream.ReferencePipeline$3$1.accept(Unknown Source)
	at java.util.Spliterators$ArraySpliterator.tryAdvance(Unknown Source)
	at java.util.stream.ReferencePipeline.forEachWithCancel(Unknown Source)
	at java.util.stream.AbstractPipeline.copyIntoWithCancel(Unknown Source)
	at java.util.stream.AbstractPipeline.copyInto(Unknown Source)
	at java.util.stream.AbstractPipeline.wrapAndCopyInto(Unknown Source)
	at java.util.stream.FindOps$FindOp.evaluateSequential(Unknown Source)
	at java.util.stream.AbstractPipeline.evaluate(Unknown Source)
	at java.util.stream.ReferencePipeline.findFirst(Unknown Source)
	at org.openqa.selenium.remote.ProtocolHandshake.createSession(ProtocolHandshake.java:128)
	at org.openqa.selenium.remote.ProtocolHandshake.createSession(ProtocolHandshake.java:74)
	at org.openqa.selenium.remote.HttpCommandExecutor.execute(HttpCommandExecutor.java:136)
	at org.openqa.selenium.remote.service.DriverCommandExecutor.execute(DriverCommandExecutor.java:83)
	at org.openqa.selenium.remote.RemoteWebDriver.execute(RemoteWebDriver.java:552)
	at org.openqa.selenium.remote.RemoteWebDriver.startSession(RemoteWebDriver.java:213)
	at org.openqa.selenium.remote.RemoteWebDriver.<init>(RemoteWebDriver.java:131)
	at org.openqa.selenium.chrome.ChromeDriver.<init>(ChromeDriver.java:181)
	at org.openqa.selenium.chrome.ChromeDriver.<init>(ChromeDriver.java:168)
	at org.openqa.selenium.chrome.ChromeDriver.<init>(ChromeDriver.java:123)
	at Healthcare.com.Healthcare.Core.ParallelTesting.setUp(ParallelTesting.java:32)
	at sun.reflect.NativeMethodAccessorImpl.invoke0(Native Method)
	at sun.reflect.NativeMethodAccessorImpl.invoke(Unknown Source)
	at sun.reflect.DelegatingMethodAccessorImpl.invoke(Unknown Source)
	at java.lang.reflect.Method.invoke(Unknown Source)
	at org.testng.internal.MethodInvocationHelper.invokeMethod(MethodInvocationHelper.java:85)
	at org.testng.internal.Invoker.invokeConfigurationMethod(Invoker.java:521)
	at org.testng.internal.Invoker.invokeConfigurations(Invoker.java:213)
	at org.testng.internal.Invoker.invokeConfigurations(Invoker.java:140)
	at org.testng.internal.TestMethodWorker.invokeBeforeClassMethods(TestMethodWorker.java:170)
	at org.testng.internal.TestMethodWorker.run(TestMethodWorker.java:104)
	at org.testng.TestRunner.privateRun(TestRunner.java:771)
	at org.testng.TestRunner.run(TestRunner.java:621)
	at org.testng.SuiteRunner.runTest(SuiteRunner.java:357)
	at org.testng.SuiteRunner.access$000(SuiteRunner.java:38)
	at org.testng.SuiteRunner$SuiteWorker.run(SuiteRunner.java:391)
	at org.testng.internal.thread.ThreadUtil$2.call(ThreadUtil.java:64)
	at java.util.concurrent.FutureTask.run(Unknown Source)
	at java.util.concurrent.ThreadPoolExecutor.runWorker(Unknown Source)
	at java.util.concurrent.ThreadPoolExecutor$Worker.run(Unknown Source)
	at java.lang.Thread.run(Unknown Source)
]]>
    </error>
  </testcase> <!-- verify_Title -->
  <testcase name="verify_Title" time="0.010" classname="Healthcare.com.Healthcare.Core.ParallelTesting"/>
</testsuite> <!-- Healthcare.com.Healthcare.Core.ParallelTesting -->
