<?xml version="1.0" encoding="UTF-8"?>
<!-- Generated by org.testng.reporters.JUnitXMLReporter -->
<testsuite hostname="DESKTOP-JI5UJPF" name="Smoke Test(failed)" tests="1" failures="1" timestamp="25 Jul 2024 08:23:01 GMT" time="0.047" errors="0">
  <testcase name="composeMail" time="0.015" classname="RunMultipleGroups.GroupTest1">
    <failure type="java.lang.AssertionError" message="expected [OrangeHRM] but found [rangeHRM]">
      <![CDATA[java.lang.AssertionError: expected [OrangeHRM] but found [rangeHRM]
	at RunMultipleGroups.GroupTest1.composeMail(GroupTest1.java:19)
... Removed 29 stack frames]]>
    </failure>
  </testcase> <!-- composeMail -->
</testsuite> <!-- Smoke Test(failed) -->
